-args$filter1: max_adj_r_sq,0.2 
$column
[1] "max_adj_r_sq"

$threshold
[1] 0.2

Filter1: max_adj_r_sq with threshold: 0.2 
Filter2: mean_cor with threshold: 0.2 
Filter3: None 
Loading input files...
Number of miRNA target genes loaded: 2382 
Filtering results...
                Gene aver_adj_r_sq max_adj_r_sq  mean_cor  cor_value
              <char>         <num>        <num>     <num>      <num>
1: ENSG00000270906.1     0.4844103    0.5658964 0.2962693 -0.7927872
2: ENSG00000268836.1     0.4838568    0.5475566 0.2944902 -0.7373260
3: ENSG00000234080.3     0.4810357    0.5868002 0.2416992 -0.7297542
4: ENSG00000279307.2     0.4416902    0.4919282 0.1997988 -0.7855984
5: ENSG00000261594.4     0.4319417    0.4947651 0.2665693 -0.7937142
6: ENSG00000267523.1     0.4278483    0.6245982 0.3025911 -0.8621387
    cor_pvalue cor_padj_BH
         <num>       <num>
1: 0.006228184 0.008214267
2: 0.014954360 0.018282217
3: 0.016587033 0.020118739
4: 0.007072140 0.009225712
5: 0.006124844 0.008095256
6: 0.001333611 0.002127757
Number of genes in linear model results: 30887 
Number of genes after filtering: 316 
Performing Fisher's test...
Total unique genes in input: 30887 
Number of miRNA target genes: 2337 
Number of non-miRNA target genes: 28550 
Number of genes passing the cutoff: 316 
Fisher's test inputs:
  miRNA targets passing cutoff: 74 
  miRNA targets not passing cutoff: 2263 
  Non-miRNA targets passing cutoff: 242 
  Non-miRNA targets not passing cutoff: 28308 
Fisher's test results:
           OddsRatio       PValue ConfIntLow ConfIntHigh
odds ratio  3.824486 1.162453e-18     2.8968    5.000407
Contingency table:
            Pass Cutoff
miRNA Target Yes    No
         Yes  74  2263
         No  242 28308
Saving results...
Enrichment analysis completed. Results saved to: . 
